client:789 [vite] connecting...
client:912 [vite] connected.
react-dom_client.js?v=9c376e10:20103 Download the React DevTools for a better development experience: https://react.dev/link/react-devtools
LanguageSwitcher.tsx:14 [LanguageSwitcher] Current state: {resolvedLanguage: undefined, language: 'pl', currentLang: 'pl', isInitialized: undefined, languages: Array(2), …}
LanguageSwitcher.tsx:14 [LanguageSwitcher] Current state: {resolvedLanguage: undefined, language: 'pl', currentLang: 'pl', isInitialized: undefined, languages: Array(2), …}
LanguageSwitcher.tsx:14 [LanguageSwitcher] Current state: {resolvedLanguage: undefined, language: 'pl', currentLang: 'pl', isInitialized: undefined, languages: Array(2), …}
LanguageSwitcher.tsx:14 [LanguageSwitcher] Current state: {resolvedLanguage: undefined, language: 'pl', currentLang: 'pl', isInitialized: undefined, languages: Array(2), …}
LanguageSwitcher.tsx:14 [LanguageSwitcher] Current state: {resolvedLanguage: undefined, language: 'pl', currentLang: 'pl', isInitialized: undefined, languages: Array(2), …}
LanguageSwitcher.tsx:14 [LanguageSwitcher] Current state: {resolvedLanguage: undefined, language: 'pl', currentLang: 'pl', isInitialized: undefined, languages: Array(2), …}
LanguageSwitcher.tsx:14 [LanguageSwitcher] Current state: {resolvedLanguage: undefined, language: 'pl', currentLang: 'pl', isInitialized: undefined, languages: Array(2), …}
LanguageSwitcher.tsx:14 [LanguageSwitcher] Current state: {resolvedLanguage: undefined, language: 'pl', currentLang: 'pl', isInitialized: undefined, languages: Array(2), …}
LanguageSwitcher.tsx:14 [LanguageSwitcher] Current state: {resolvedLanguage: undefined, language: 'pl', currentLang: 'pl', isInitialized: undefined, languages: Array(2), …}
LanguageSwitcher.tsx:14 [LanguageSwitcher] Current state: {resolvedLanguage: undefined, language: 'pl', currentLang: 'pl', isInitialized: undefined, languages: Array(2), …}
LanguageSwitcher.tsx:25 [LanguageSwitcher] Switching from pl to en
LanguageSwitcher.tsx:14 [LanguageSwitcher] Current state: {resolvedLanguage: 'en', language: 'en', currentLang: 'en', isInitialized: true, languages: Array(1), …}
LanguageSwitcher.tsx:14 [LanguageSwitcher] Current state: {resolvedLanguage: 'en', language: 'en', currentLang: 'en', isInitialized: true, languages: Array(1), …}
LanguageSwitcher.tsx:29 [LanguageSwitcher] Language changed successfully to: pl
LanguageSwitcher.tsx:30 [LanguageSwitcher] Test translation: Sen
LanguageSwitcher.tsx:25 [LanguageSwitcher] Switching from en to pl
LanguageSwitcher.tsx:14 [LanguageSwitcher] Current state: {resolvedLanguage: 'pl', language: 'pl', currentLang: 'pl', isInitialized: true, languages: Array(2), …}
LanguageSwitcher.tsx:14 [LanguageSwitcher] Current state: {resolvedLanguage: 'pl', language: 'pl', currentLang: 'pl', isInitialized: true, languages: Array(2), …}
LanguageSwitcher.tsx:29 [LanguageSwitcher] Language changed successfully to: en
LanguageSwitcher.tsx:30 [LanguageSwitcher] Test translation: Sen
